<?xml version="1.0" encoding="UTF-8"?>
<!-- Generated by org.testng.reporters.JUnitXMLReporter -->
<testsuite hostname="shree-PC" ignored="0" name="Test" tests="6" failures="0" timestamp="2022-03-12T01:49:51 IST" time="0.082" errors="0">
  <testcase name="browserAutomation" time="0.013" classname="QuickAcademy.MavenJava.SeleniumTest"/>
  <testcase name="elementUi" time="0.001" classname="QuickAcademy.MavenJava.SeleniumTest"/>
  <testcase name="deleteTitter" time="0.001" classname="QuickAcademy.MavenJava.RESTAPITest"/>
  <testcase name="postJira" time="0.0" classname="QuickAcademy.MavenJava.RESTAPITest"/>
  <testcase name="appleIos" time="0.0" classname="QuickAcademy.MavenJava.AppiumTest"/>
  <testcase name="nativeAppAndroid" time="0.0" classname="QuickAcademy.MavenJava.AppiumTest"/>
</testsuite> <!-- Test -->
