<?xml version="1.0" encoding="UTF-8"?>
<testsuite xmlns:xsi="http://www.w3.org/2001/XMLSchema-instance" xsi:noNamespaceSchemaLocation="https://maven.apache.org/surefire/maven-surefire-plugin/xsd/surefire-test-report-3.0.xsd" version="3.0" name="TestSuite" time="0.863" tests="6" errors="0" skipped="0" failures="0">
  <properties>
[...]
</properties>
  <testcase name="browserAutomation" classname="QuickAcademy.MavenJava.SeleniumTest" time="0.011">
    <system-out><![CDATA[browserAutomation
]]></system-out>
    <system-err><![CDATA[SLF4J: Failed to load class "org.slf4j.impl.StaticLoggerBinder".
SLF4J: Defaulting to no-operation (NOP) logger implementation
SLF4J: See http://www.slf4j.org/codes.html#StaticLoggerBinder for further details.
]]></system-err>
  </testcase>
  <testcase name="elementUi" classname="QuickAcademy.MavenJava.SeleniumTest" time="0.002">
    <system-out><![CDATA[elementUi
]]></system-out>
  </testcase>
  <testcase name="deleteTitter" classname="QuickAcademy.MavenJava.RESTAPITest" time="0">
    <system-out><![CDATA[deleteTitter
]]></system-out>
  </testcase>
  <testcase name="postJira" classname="QuickAcademy.MavenJava.RESTAPITest" time="0.001">
    <system-out><![CDATA[postJira
]]></system-out>
  </testcase>
  <testcase name="appleIos" classname="QuickAcademy.MavenJava.AppiumTest" time="0">
    <system-out><![CDATA[appleIos
]]></system-out>
  </testcase>
  <testcase name="nativeAppAndroid" classname="QuickAcademy.MavenJava.AppiumTest" time="0">
    <system-out><![CDATA[nativeAppAndroid
]]></system-out>
  </testcase>
</testsuite>